2023-12-18 12:18:26.670 [main]  INFO com.trip.api.WaggleApiApplication - Starting WaggleApiApplication using Java 11.0.11 on 004c0914abec with PID 1 (/application/BOOT-INF/classes started by root in /application)
2023-12-18 12:18:26.680 [main]  INFO com.trip.api.WaggleApiApplication - The following 1 profile is active: "dev"
2023-12-18 12:18:26.690 [background-preinit]  INFO org.hibernate.validator.internal.util.Version - HV000001: Hibernate Validator 6.2.5.Final
2023-12-18 12:18:27.582 [main]  INFO org.springframework.data.repository.config.RepositoryConfigurationDelegate - Bootstrapping Spring Data JPA repositories in DEFAULT mode.
2023-12-18 12:18:27.654 [main]  INFO org.springframework.data.repository.config.RepositoryConfigurationDelegate - Finished Spring Data repository scanning in 54 ms. Found 5 JPA repository interfaces.
2023-12-18 12:18:28.352 [main]  INFO org.springframework.boot.web.embedded.tomcat.TomcatWebServer - Tomcat initialized with port(s): 8080 (http)
2023-12-18 12:18:28.363 [main]  INFO org.apache.coyote.http11.Http11NioProtocol - Initializing ProtocolHandler ["http-nio-8080"]
2023-12-18 12:18:28.364 [main]  INFO org.apache.catalina.core.StandardService - Starting service [Tomcat]
2023-12-18 12:18:28.366 [main]  INFO org.apache.catalina.core.StandardEngine - Starting Servlet engine: [Apache Tomcat/9.0.68]
2023-12-18 12:18:28.439 [main]  INFO org.apache.catalina.core.ContainerBase.[Tomcat].[localhost].[/] - Initializing Spring embedded WebApplicationContext
2023-12-18 12:18:28.441 [main]  INFO org.springframework.boot.web.servlet.context.ServletWebServerApplicationContext - Root WebApplicationContext: initialization completed in 1651 ms
2023-12-18 12:18:28.551 [main]  INFO com.zaxxer.hikari.HikariDataSource - HikariPool-1 - Starting...
2023-12-18 12:18:28.736 [main]  INFO com.zaxxer.hikari.HikariDataSource - HikariPool-1 - Start completed.
2023-12-18 12:18:28.784 [main]  INFO org.hibernate.jpa.internal.util.LogHelper - HHH000204: Processing PersistenceUnitInfo [name: default]
2023-12-18 12:18:28.828 [main]  INFO org.hibernate.Version - HHH000412: Hibernate ORM core version 5.6.12.Final
2023-12-18 12:18:29.025 [main]  INFO org.hibernate.annotations.common.Version - HCANN000001: Hibernate Commons Annotations {5.1.2.Final}
2023-12-18 12:18:29.116 [main]  INFO org.hibernate.dialect.Dialect - HHH000400: Using dialect: org.hibernate.dialect.PostgreSQL10Dialect
2023-12-18 12:18:29.399 [main]  WARN org.hibernate.mapping.RootClass - HHH000038: Composite-id class does not override equals(): com.trip.api.domain.chatting.dto.entitykey.ChatRoomMemberKey
2023-12-18 12:18:29.401 [main]  WARN org.hibernate.mapping.RootClass - HHH000039: Composite-id class does not override hashCode(): com.trip.api.domain.chatting.dto.entitykey.ChatRoomMemberKey
2023-12-18 12:18:29.698 [main]  INFO org.hibernate.engine.transaction.jta.platform.internal.JtaPlatformInitiator - HHH000490: Using JtaPlatform implementation: [org.hibernate.engine.transaction.jta.platform.internal.NoJtaPlatform]
2023-12-18 12:18:29.706 [main]  INFO org.springframework.orm.jpa.LocalContainerEntityManagerFactoryBean - Initialized JPA EntityManagerFactory for persistence unit 'default'
2023-12-18 12:18:30.256 [main]  WARN org.springframework.boot.autoconfigure.orm.jpa.JpaBaseConfiguration$JpaWebConfiguration - spring.jpa.open-in-view is enabled by default. Therefore, database queries may be performed during view rendering. Explicitly configure spring.jpa.open-in-view to disable this warning
2023-12-18 12:18:30.549 [main]  INFO org.apache.coyote.http11.Http11NioProtocol - Starting ProtocolHandler ["http-nio-8080"]
2023-12-18 12:18:30.575 [main]  INFO org.springframework.boot.web.embedded.tomcat.TomcatWebServer - Tomcat started on port(s): 8080 (http) with context path ''
2023-12-18 12:18:30.589 [main]  INFO com.trip.api.WaggleApiApplication - Started WaggleApiApplication in 4.479 seconds (JVM running for 4.808)
